#! /usr/bin/vvp
:ivl_version "11.0 (stable)";
:ivl_delay_selection "TYPICAL";
:vpi_time_precision + 0;
:vpi_module "/usr/lib/x86_64-linux-gnu/ivl/system.vpi";
:vpi_module "/usr/lib/x86_64-linux-gnu/ivl/vhdl_sys.vpi";
:vpi_module "/usr/lib/x86_64-linux-gnu/ivl/vhdl_textio.vpi";
:vpi_module "/usr/lib/x86_64-linux-gnu/ivl/v2005_math.vpi";
:vpi_module "/usr/lib/x86_64-linux-gnu/ivl/va_math.vpi";
S_0x56338f9cf3e0 .scope module, "cpu" "cpu" 2 6;
 .timescale 0 0;
    .port_info 0 /INPUT 1 "clk_in";
    .port_info 1 /INPUT 1 "rst_in";
    .port_info 2 /INPUT 1 "rdy_in";
    .port_info 3 /INPUT 8 "mem_din";
    .port_info 4 /OUTPUT 8 "mem_dout";
    .port_info 5 /OUTPUT 32 "mem_a";
    .port_info 6 /OUTPUT 1 "mem_wr";
    .port_info 7 /INPUT 1 "io_buffer_full";
    .port_info 8 /OUTPUT 32 "dbgreg_dout";
P_0x56338f990620 .param/l "INST_WIDTH" 1 2 33, +C4<00000000000000000000000000100000>;
P_0x56338f990660 .param/l "MEM_ADDR_WIDTH" 1 2 33, +C4<00000000000000000000000000100000>;
P_0x56338f9906a0 .param/l "MEM_DATA_WIDTH" 1 2 33, +C4<00000000000000000000000000100000>;
o0x7fd69a854018 .functor BUFZ 1, C4<z>; HiZ drive
v0x56338f9e8fe0_0 .net "clk_in", 0 0, o0x7fd69a854018;  0 drivers
o0x7fd69a854468 .functor BUFZ 32, C4<zzzzzzzzzzzzzzzzzzzzzzzzzzzzzzzz>; HiZ drive
v0x56338f9e90a0_0 .net "dbgreg_dout", 31 0, o0x7fd69a854468;  0 drivers
o0x7fd69a854078 .functor BUFZ 1, C4<z>; HiZ drive
v0x56338f9e9160_0 .net "id_to_if_vacant", 0 0, o0x7fd69a854078;  0 drivers
v0x56338f9e9260_0 .net "if_to_id_inst", 31 0, L_0x56338f9ba670;  1 drivers
v0x56338f9e9330_0 .net "if_to_id_valid", 0 0, v0x56338f9e85b0_0;  1 drivers
v0x56338f9e93d0_0 .net "if_to_ram_addr", 31 0, L_0x56338f9e9fe0;  1 drivers
v0x56338f9e94a0_0 .net "if_to_ram_valid", 0 0, v0x56338f9e8a20_0;  1 drivers
o0x7fd69a854498 .functor BUFZ 1, C4<z>; HiZ drive
v0x56338f9e9570_0 .net "io_buffer_full", 0 0, o0x7fd69a854498;  0 drivers
o0x7fd69a8544c8 .functor BUFZ 32, C4<zzzzzzzzzzzzzzzzzzzzzzzzzzzzzzzz>; HiZ drive
v0x56338f9e9610_0 .net "mem_a", 31 0, o0x7fd69a8544c8;  0 drivers
o0x7fd69a8544f8 .functor BUFZ 8, C4<zzzzzzzz>; HiZ drive
v0x56338f9e96b0_0 .net "mem_din", 7 0, o0x7fd69a8544f8;  0 drivers
o0x7fd69a854528 .functor BUFZ 8, C4<zzzzzzzz>; HiZ drive
v0x56338f9e9770_0 .net "mem_dout", 7 0, o0x7fd69a854528;  0 drivers
o0x7fd69a854558 .functor BUFZ 1, C4<z>; HiZ drive
v0x56338f9e9850_0 .net "mem_wr", 0 0, o0x7fd69a854558;  0 drivers
o0x7fd69a854168 .functor BUFZ 32, C4<zzzzzzzzzzzzzzzzzzzzzzzzzzzzzzzz>; HiZ drive
v0x56338f9e9910_0 .net "ram_to_if_data", 31 0, o0x7fd69a854168;  0 drivers
o0x7fd69a854138 .functor BUFZ 1, C4<z>; HiZ drive
v0x56338f9e9a00_0 .net "ram_to_if_done", 0 0, o0x7fd69a854138;  0 drivers
o0x7fd69a854588 .functor BUFZ 1, C4<z>; HiZ drive
v0x56338f9e9ad0_0 .net "rdy_in", 0 0, o0x7fd69a854588;  0 drivers
o0x7fd69a8545b8 .functor BUFZ 1, C4<z>; HiZ drive
v0x56338f9e9b70_0 .net "rst_in", 0 0, o0x7fd69a8545b8;  0 drivers
o0x7fd69a8541c8 .functor BUFZ 32, C4<zzzzzzzzzzzzzzzzzzzzzzzzzzzzzzzz>; HiZ drive
v0x56338f9e9c10_0 .net "wb_to_if_offset", 31 0, o0x7fd69a8541c8;  0 drivers
o0x7fd69a8541f8 .functor BUFZ 1, C4<z>; HiZ drive
v0x56338f9e9e10_0 .net "wb_to_if_valid", 0 0, o0x7fd69a8541f8;  0 drivers
S_0x56338f9baab0 .scope module, "u_IFetch" "IFetch" 2 48, 3 1 0, S_0x56338f9cf3e0;
 .timescale 0 0;
    .port_info 0 /INPUT 1 "clk";
    .port_info 1 /INPUT 1 "offset_valid";
    .port_info 2 /INPUT 32 "offset";
    .port_info 3 /INPUT 1 "inst_vacant";
    .port_info 4 /OUTPUT 1 "inst_valid";
    .port_info 5 /OUTPUT 32 "inst";
    .port_info 6 /INPUT 1 "mem_done";
    .port_info 7 /INPUT 32 "mem_inst";
    .port_info 8 /OUTPUT 1 "mem_valid";
    .port_info 9 /OUTPUT 32 "mem_addr";
P_0x56338f9bac90 .param/l "ADDR_WIDTH" 0 3 3, +C4<00000000000000000000000000100000>;
P_0x56338f9bacd0 .param/l "IDLE" 1 3 26, C4<00>;
P_0x56338f9bad10 .param/l "INST_WIDTH" 0 3 4, +C4<00000000000000000000000000100000>;
P_0x56338f9bad50 .param/l "STALL" 1 3 26, C4<10>;
P_0x56338f9bad90 .param/l "WAIT_DECODE" 1 3 26, C4<11>;
P_0x56338f9badd0 .param/l "WAIT_MEM" 1 3 26, C4<01>;
L_0x56338f9ba670 .functor BUFZ 32, v0x56338f9e8670_0, C4<00000000000000000000000000000000>, C4<00000000000000000000000000000000>, C4<00000000000000000000000000000000>;
L_0x56338f9e9fe0 .functor BUFZ 32, v0x56338f9e8c80_0, C4<00000000000000000000000000000000>, C4<00000000000000000000000000000000>, C4<00000000000000000000000000000000>;
v0x56338f9ba720_0 .net "clk", 0 0, o0x7fd69a854018;  alias, 0 drivers
v0x56338f9e8400_0 .net "inst", 31 0, L_0x56338f9ba670;  alias, 1 drivers
v0x56338f9e84e0_0 .net "inst_vacant", 0 0, o0x7fd69a854078;  alias, 0 drivers
v0x56338f9e85b0_0 .var "inst_valid", 0 0;
v0x56338f9e8670_0 .var "instruction", 31 0;
v0x56338f9e87a0_0 .net "mem_addr", 31 0, L_0x56338f9e9fe0;  alias, 1 drivers
v0x56338f9e8880_0 .net "mem_done", 0 0, o0x7fd69a854138;  alias, 0 drivers
v0x56338f9e8940_0 .net "mem_inst", 31 0, o0x7fd69a854168;  alias, 0 drivers
v0x56338f9e8a20_0 .var "mem_valid", 0 0;
v0x56338f9e8ae0_0 .net "offset", 31 0, o0x7fd69a8541c8;  alias, 0 drivers
v0x56338f9e8bc0_0 .net "offset_valid", 0 0, o0x7fd69a8541f8;  alias, 0 drivers
v0x56338f9e8c80_0 .var "pc", 31 0;
v0x56338f9e8d60_0 .var "status", 2 1;
E_0x56338f9c9c90 .event posedge, v0x56338f9ba720_0;
    .scope S_0x56338f9baab0;
T_0 ;
    %wait E_0x56338f9c9c90;
    %load/vec4 v0x56338f9e8d60_0;
    %dup/vec4;
    %pushi/vec4 0, 0, 2;
    %cmp/u;
    %jmp/1 T_0.0, 6;
    %dup/vec4;
    %pushi/vec4 1, 0, 2;
    %cmp/u;
    %jmp/1 T_0.1, 6;
    %dup/vec4;
    %pushi/vec4 2, 0, 2;
    %cmp/u;
    %jmp/1 T_0.2, 6;
    %dup/vec4;
    %pushi/vec4 3, 0, 2;
    %cmp/u;
    %jmp/1 T_0.3, 6;
    %jmp T_0.4;
T_0.0 ;
    %pushi/vec4 1, 0, 1;
    %assign/vec4 v0x56338f9e8a20_0, 0;
    %pushi/vec4 0, 0, 1;
    %assign/vec4 v0x56338f9e85b0_0, 0;
    %pushi/vec4 1, 0, 2;
    %assign/vec4 v0x56338f9e8d60_0, 0;
    %jmp T_0.4;
T_0.1 ;
    %load/vec4 v0x56338f9e8880_0;
    %flag_set/vec4 8;
    %jmp/0xz  T_0.5, 8;
    %pushi/vec4 0, 0, 1;
    %assign/vec4 v0x56338f9e8a20_0, 0;
    %load/vec4 v0x56338f9e8c80_0;
    %addi 4, 0, 32;
    %assign/vec4 v0x56338f9e8c80_0, 0;
    %load/vec4 v0x56338f9e8670_0;
    %parti/s 7, 0, 2;
    %pushi/vec4 99, 0, 7;
    %cmp/e;
    %flag_get/vec4 4;
    %load/vec4 v0x56338f9e8670_0;
    %parti/s 3, 12, 5;
    %pushi/vec4 1, 0, 3;
    %cmp/e;
    %flag_get/vec4 4;
    %and;
    %flag_set/vec4 8;
    %jmp/0xz  T_0.7, 8;
    %pushi/vec4 2, 0, 2;
    %assign/vec4 v0x56338f9e8d60_0, 0;
    %jmp T_0.8;
T_0.7 ;
    %pushi/vec4 3, 0, 2;
    %assign/vec4 v0x56338f9e8d60_0, 0;
T_0.8 ;
T_0.5 ;
    %jmp T_0.4;
T_0.2 ;
    %load/vec4 v0x56338f9e8bc0_0;
    %flag_set/vec4 8;
    %jmp/0xz  T_0.9, 8;
    %load/vec4 v0x56338f9e8c80_0;
    %load/vec4 v0x56338f9e8ae0_0;
    %add;
    %assign/vec4 v0x56338f9e8c80_0, 0;
    %pushi/vec4 3, 0, 2;
    %assign/vec4 v0x56338f9e8d60_0, 0;
T_0.9 ;
    %jmp T_0.4;
T_0.3 ;
    %load/vec4 v0x56338f9e84e0_0;
    %flag_set/vec4 8;
    %jmp/0xz  T_0.11, 8;
    %pushi/vec4 1, 0, 1;
    %assign/vec4 v0x56338f9e85b0_0, 0;
    %load/vec4 v0x56338f9e8940_0;
    %assign/vec4 v0x56338f9e8670_0, 0;
    %pushi/vec4 0, 0, 2;
    %assign/vec4 v0x56338f9e8d60_0, 0;
T_0.11 ;
    %jmp T_0.4;
T_0.4 ;
    %pop/vec4 1;
    %jmp T_0;
    .thread T_0;
    .scope S_0x56338f9cf3e0;
T_1 ;
    %wait E_0x56338f9c9c90;
    %load/vec4 v0x56338f9e9b70_0;
    %flag_set/vec4 8;
    %jmp/0xz  T_1.0, 8;
    %jmp T_1.1;
T_1.0 ;
    %load/vec4 v0x56338f9e9ad0_0;
    %nor/r;
    %flag_set/vec4 8;
    %jmp/0xz  T_1.2, 8;
T_1.2 ;
T_1.1 ;
    %jmp T_1;
    .thread T_1;
# The file index is used to find the file name in the following table.
:file_names 4;
    "N/A";
    "<interactive>";
    "src/cpu.v";
    "././src/ifetch.v";
